<?xml version="1.0" encoding="UTF-8"?>
<!-- Generated by org.testng.reporters.JUnitReportReporter -->
<testsuite skipped="0" hostname="EPINHYDW0E00" name="com.test.GoogleTitleTest" tests="2" failures="0" timestamp="2022-07-26T15:12:08 IST" time="8.502" errors="0">
  <testcase name="googletitle" time="4.918" classname="com.test.GoogleTitleTest"/>
  <system-out/>
  <testcase name="getGmailTest" time="3.584" classname="com.test.GoogleTitleTest"/>
  <system-out/>
</testsuite> <!-- com.test.GoogleTitleTest -->
