<?xml version="1.0" encoding="UTF-8"?>
<!-- Generated by org.testng.reporters.JUnitReportReporter -->
<testsuite skipped="0" hostname="EPINHYDW0E00" name="com.test.InvocationCountTest" tests="10" failures="0" timestamp="2022-07-26T15:12:08 IST" time="0.009" errors="0">
  <testcase name="sum" time="0.001" classname="com.test.InvocationCountTest"/>
  <system-out/>
  <testcase name="sum" time="0.001" classname="com.test.InvocationCountTest"/>
  <system-out/>
  <testcase name="sum" time="0.000" classname="com.test.InvocationCountTest"/>
  <system-out/>
  <testcase name="sum" time="0.000" classname="com.test.InvocationCountTest"/>
  <system-out/>
  <testcase name="sum" time="0.001" classname="com.test.InvocationCountTest"/>
  <system-out/>
  <testcase name="sum" time="0.001" classname="com.test.InvocationCountTest"/>
  <system-out/>
  <testcase name="sum" time="0.002" classname="com.test.InvocationCountTest"/>
  <system-out/>
  <testcase name="sum" time="0.001" classname="com.test.InvocationCountTest"/>
  <system-out/>
  <testcase name="sum" time="0.001" classname="com.test.InvocationCountTest"/>
  <system-out/>
  <testcase name="sum" time="0.001" classname="com.test.InvocationCountTest"/>
  <system-out/>
</testsuite> <!-- com.test.InvocationCountTest -->
