<?xml version="1.0" encoding="UTF-8"?>
<!-- Generated by org.testng.reporters.JUnitReportReporter -->
<testsuite skipped="0" hostname="EPINHYDW0E00" name="com.test.TestngFeatures" tests="4" failures="0" timestamp="2022-07-26T15:12:08 IST" time="0.010" errors="0">
  <testcase name="homepageTest" time="0.001" classname="com.test.TestngFeatures"/>
  <system-out/>
  <testcase name="loginTest" time="0.007" classname="com.test.TestngFeatures"/>
  <system-out/>
  <testcase name="searchPageTest" time="0.000" classname="com.test.TestngFeatures"/>
  <system-out/>
  <testcase name="regPageTest" time="0.002" classname="com.test.TestngFeatures"/>
  <system-out/>
</testsuite> <!-- com.test.TestngFeatures -->
