<?xml version="1.0" encoding="UTF-8"?>
<!-- Generated by org.testng.reporters.JUnitReportReporter -->
<testsuite skipped="0" hostname="EPINHYDW0E00" name="com.test.TestngBasics" tests="3" failures="0" timestamp="2022-07-26T15:12:08 IST" time="0.009" errors="0">
  <testcase name="titelTest" time="0.003" classname="com.test.TestngBasics"/>
  <system-out/>
  <testcase name="searchTest" time="0.002" classname="com.test.TestngBasics"/>
  <system-out/>
  <testcase name="gooogleLogoTest" time="0.004" classname="com.test.TestngBasics"/>
  <system-out/>
</testsuite> <!-- com.test.TestngBasics -->
