<?xml version="1.0" encoding="UTF-8"?>
<!-- Generated by org.testng.reporters.JUnitReportReporter -->
<testsuite skipped="0" hostname="EPINHYDW0E00" name="com.test.GoogleTest" tests="5" failures="0" timestamp="2022-07-27T11:49:52 IST" time="24.994" errors="0">
  <testcase name="getImageTest" time="6.166" classname="com.test.GoogleTest"/>
  <system-out/>
  <testcase name="googleSearchTest" time="4.041" classname="com.test.GoogleTest"/>
  <system-out/>
  <testcase name="clickGoogletest" time="3.985" classname="com.test.GoogleTest"/>
  <system-out/>
  <testcase name="googletitle" time="3.670" classname="com.test.GoogleTest"/>
  <system-out/>
  <testcase name="getGmailTest" time="7.132" classname="com.test.GoogleTest"/>
  <system-out/>
</testsuite> <!-- com.test.GoogleTest -->
